<?xml version="1.0" encoding="UTF-8"?>
<!-- Generated by org.testng.reporters.JUnitReportReporter -->
<testsuite skipped="0" hostname="DESKTOP-R8M5NJD" name="cucumberFrameworkGianni.testRunners.LoginRunner" tests="1" failures="0" timestamp="18 Jan 2019 14:30:11 GMT" time="9.349" errors="0">
  <testcase name="feature" time="9.349" classname="cucumberFrameworkGianni.testRunners.LoginRunner"/>
</testsuite> <!-- cucumberFrameworkGianni.testRunners.LoginRunner -->
