<?xml version="1.0" encoding="UTF-8"?>
<!-- Generated by org.testng.reporters.JUnitReportReporter -->
<testsuite skipped="0" hostname="DESKTOP-R8M5NJD" name="cucumberFrameworkGianni.testRunners.ContactRunner" tests="1" failures="0" timestamp="18 Jan 2019 22:32:42 GMT" time="11.103" errors="0">
  <testcase name="feature" time="11.103" classname="cucumberFrameworkGianni.testRunners.ContactRunner"/>
</testsuite> <!-- cucumberFrameworkGianni.testRunners.ContactRunner -->
