<?xml version="1.0" encoding="UTF-8"?>
<!-- Generated by org.testng.reporters.JUnitReportReporter -->
<testsuite skipped="0" hostname="MSI-PC" name="cucumberFrameworkGianni.testRunners.MainRunner" tests="3" failures="0" timestamp="17 Mar 2019 01:10:29 GMT" time="39.747" errors="0">
  <testcase name="feature" time="9.603" classname="cucumberFrameworkGianni.testRunners.MainRunner"/>
  <testcase name="feature" time="21.435" classname="cucumberFrameworkGianni.testRunners.MainRunner"/>
  <testcase name="feature" time="8.709" classname="cucumberFrameworkGianni.testRunners.MainRunner"/>
</testsuite> <!-- cucumberFrameworkGianni.testRunners.MainRunner -->
