<?xml version="1.0" encoding="UTF-8"?>
<!-- Generated by org.testng.reporters.JUnitReportReporter -->
<testsuite skipped="0" hostname="DESKTOP-R8M5NJD" name="cucumberFrameworkGianni.testRunners.ProductsRunner" tests="1" failures="0" timestamp="18 Jan 2019 14:30:11 GMT" time="10.300" errors="0">
  <testcase name="feature" time="10.300" classname="cucumberFrameworkGianni.testRunners.ProductsRunner"/>
</testsuite> <!-- cucumberFrameworkGianni.testRunners.ProductsRunner -->
